# JRE version: OpenJDK Runtime Environment Temurin-11.0.18+10 (11.0.18+10) (build 11.0.18+10)
# Java VM: OpenJDK 64-Bit Server VM Temurin-11.0.18+10 (11.0.18+10, mixed mode, tiered, compressed oops, g1 gc, linux-amd64)
Heap:
 garbage-first heap   total 262144K, used 89965K [0x00000000c0000000, 0x0000000100000000)
  region size 1024K, 53 young (54272K), 6 survivors (6144K)
 Metaspace       used 34737K, capacity 35522K, committed 35712K, reserved 1081344K
  class space    used 3523K, capacity 3844K, committed 3968K, reserved 1048576K
GC Heap History (11 events):
Event: 0.865 GC heap before
{Heap before GC invocations=0 (full 0):
 garbage-first heap   total 262144K, used 27648K [0x00000000c0000000, 0x0000000100000000)
  region size 1024K, 24 young (24576K), 0 survivors (0K)
 Metaspace       used 11300K, capacity 11551K, committed 11648K, reserved 1060864K
  class space    used 983K, capacity 1059K, committed 1152K, reserved 1048576K
}
Event: 0.871 GC heap after
{Heap after GC invocations=1 (full 0):
 garbage-first heap   total 262144K, used 11860K [0x00000000c0000000, 0x0000000100000000)
  region size 1024K, 3 young (3072K), 3 survivors (3072K)
 Metaspace       used 11300K, capacity 11551K, committed 11648K, reserved 1060864K
  class space    used 983K, capacity 1059K, committed 1152K, reserved 1048576K
}
Event: 1.537 GC heap before
{Heap before GC invocations=1 (full 0):
 garbage-first heap   total 262144K, used 34388K [0x00000000c0000000, 0x0000000100000000)
  region size 1024K, 25 young (25600K), 3 survivors (3072K)
 Metaspace       used 16543K, capacity 16743K, committed 17024K, reserved 1064960K
  class space    used 1552K, capacity 1638K, committed 1664K, reserved 1048576K
}
Event: 1.551 GC heap after
{Heap after GC invocations=2 (full 0):
 garbage-first heap   total 262144K, used 13770K [0x00000000c0000000, 0x0000000100000000)
  region size 1024K, 2 young (2048K), 2 survivors (2048K)
 Metaspace       used 16543K, capacity 16743K, committed 17024K, reserved 1064960K
  class space    used 1552K, capacity 1638K, committed 1664K, reserved 1048576K
}
Event: 2.282 GC heap before
{Heap before GC invocations=2 (full 0):
 garbage-first heap   total 262144K, used 44490K [0x00000000c0000000, 0x0000000100000000)
  region size 1024K, 33 young (33792K), 2 survivors (2048K)
 Metaspace       used 20673K, capacity 20990K, committed 21248K, reserved 1069056K
  class space    used 2037K, capacity 2183K, committed 2304K, reserved 1048576K
}
Event: 2.309 GC heap after
{Heap after GC invocations=3 (full 0):
 garbage-first heap   total 262144K, used 15674K [0x00000000c0000000, 0x0000000100000000)
  region size 1024K, 4 young (4096K), 4 survivors (4096K)
 Metaspace       used 20673K, capacity 20990K, committed 21248K, reserved 1069056K
  class space    used 2037K, capacity 2183K, committed 2304K, reserved 1048576K
}
Event: 3.216 GC heap before
{Heap before GC invocations=4 (full 0):
 garbage-first heap   total 262144K, used 67898K [0x00000000c0000000, 0x0000000100000000)
  region size 1024K, 56 young (57344K), 4 survivors (4096K)
 Metaspace       used 26761K, capacity 27234K, committed 27392K, reserved 1073152K
  class space    used 2770K, capacity 2986K, committed 3072K, reserved 1048576K
}
Event: 3.228 GC heap after
{Heap after GC invocations=5 (full 0):
 garbage-first heap   total 262144K, used 18080K [0x00000000c0000000, 0x0000000100000000)
  region size 1024K, 6 young (6144K), 6 survivors (6144K)
 Metaspace       used 26761K, capacity 27234K, committed 27392K, reserved 1073152K
  class space    used 2770K, capacity 2986K, committed 3072K, reserved 1048576K
}
Event: 3.815 GC heap before
{Heap before GC invocations=5 (full 0):
 garbage-first heap   total 262144K, used 100000K [0x00000000c0000000, 0x0000000100000000)
  region size 1024K, 87 young (89088K), 6 survivors (6144K)
 Metaspace       used 30828K, capacity 31485K, committed 31744K, reserved 1077248K
  class space    used 3190K, capacity 3480K, committed 3584K, reserved 1048576K
}
Event: 3.836 GC heap after
{Heap after GC invocations=6 (full 0):
 garbage-first heap   total 262144K, used 41837K [0x00000000c0000000, 0x0000000100000000)
  region size 1024K, 11 young (11264K), 11 survivors (11264K)
 Metaspace       used 30828K, capacity 31485K, committed 31744K, reserved 1077248K
  class space    used 3190K, capacity 3480K, committed 3584K, reserved 1048576K
}
Event: 4.162 GC heap before
{Heap before GC invocations=6 (full 0):
 garbage-first heap   total 262144K, used 88941K [0x00000000c0000000, 0x0000000100000000)
  region size 1024K, 58 young (59392K), 11 survivors (11264K)
 Metaspace       used 34737K, capacity 35522K, committed 35712K, reserved 1081344K
  class space    used 3523K, capacity 3844K, committed 3968K, reserved 1048576K
}

