# JRE version: OpenJDK Runtime Environment Temurin-11.0.18+10 (11.0.18+10) (build 11.0.18+10)
# Java VM: OpenJDK 64-Bit Server VM Temurin-11.0.18+10 (11.0.18+10, mixed mode, tiered, compressed oops, g1 gc, linux-amd64)
Heap:
 garbage-first heap   total 262144K, used 157067K [0x00000000c0000000, 0x0000000100000000)
  region size 1024K, 80 young (81920K), 7 survivors (7168K)
 Metaspace       used 41710K, capacity 42830K, committed 43136K, reserved 1087488K
  class space    used 4252K, capacity 4692K, committed 4736K, reserved 1048576K
GC Heap History (19 events):
Event: 0.533 GC heap before
{Heap before GC invocations=0 (full 0):
 garbage-first heap   total 262144K, used 27648K [0x00000000c0000000, 0x0000000100000000)
  region size 1024K, 24 young (24576K), 0 survivors (0K)
 Metaspace       used 11785K, capacity 11995K, committed 12160K, reserved 1060864K
  class space    used 1032K, capacity 1101K, committed 1152K, reserved 1048576K
}
Event: 0.539 GC heap after
{Heap after GC invocations=1 (full 0):
 garbage-first heap   total 262144K, used 11827K [0x00000000c0000000, 0x0000000100000000)
  region size 1024K, 3 young (3072K), 3 survivors (3072K)
 Metaspace       used 11785K, capacity 11995K, committed 12160K, reserved 1060864K
  class space    used 1032K, capacity 1101K, committed 1152K, reserved 1048576K
}
Event: 0.878 GC heap before
{Heap before GC invocations=1 (full 0):
 garbage-first heap   total 262144K, used 33331K [0x00000000c0000000, 0x0000000100000000)
  region size 1024K, 24 young (24576K), 3 survivors (3072K)
 Metaspace       used 16555K, capacity 16807K, committed 17024K, reserved 1064960K
  class space    used 1552K, capacity 1638K, committed 1664K, reserved 1048576K
}
Event: 0.882 GC heap after
{Heap after GC invocations=2 (full 0):
 garbage-first heap   total 262144K, used 13774K [0x00000000c0000000, 0x0000000100000000)
  region size 1024K, 2 young (2048K), 2 survivors (2048K)
 Metaspace       used 16555K, capacity 16807K, committed 17024K, reserved 1064960K
  class space    used 1552K, capacity 1638K, committed 1664K, reserved 1048576K
}
Event: 1.226 GC heap before
{Heap before GC invocations=2 (full 0):
 garbage-first heap   total 262144K, used 42446K [0x00000000c0000000, 0x0000000100000000)
  region size 1024K, 32 young (32768K), 2 survivors (2048K)
 Metaspace       used 20729K, capacity 21081K, committed 21248K, reserved 1069056K
  class space    used 2053K, capacity 2213K, committed 2304K, reserved 1048576K
}
Event: 1.231 GC heap after
{Heap after GC invocations=3 (full 0):
 garbage-first heap   total 262144K, used 15586K [0x00000000c0000000, 0x0000000100000000)
  region size 1024K, 4 young (4096K), 4 survivors (4096K)
 Metaspace       used 20729K, capacity 21081K, committed 21248K, reserved 1069056K
  class space    used 2053K, capacity 2213K, committed 2304K, reserved 1048576K
}
Event: 1.660 GC heap before
{Heap before GC invocations=4 (full 0):
 garbage-first heap   total 262144K, used 68834K [0x00000000c0000000, 0x0000000100000000)
  region size 1024K, 57 young (58368K), 4 survivors (4096K)
 Metaspace       used 26798K, capacity 27311K, committed 27648K, reserved 1073152K
  class space    used 2774K, capacity 2990K, committed 3072K, reserved 1048576K
}
Event: 1.667 GC heap after
{Heap after GC invocations=5 (full 0):
 garbage-first heap   total 262144K, used 18808K [0x00000000c0000000, 0x0000000100000000)
  region size 1024K, 7 young (7168K), 7 survivors (7168K)
 Metaspace       used 26798K, capacity 27311K, committed 27648K, reserved 1073152K
  class space    used 2774K, capacity 2990K, committed 3072K, reserved 1048576K
}
Event: 2.222 GC heap before
{Heap before GC invocations=5 (full 0):
 garbage-first heap   total 262144K, used 110968K [0x00000000c0000000, 0x0000000100000000)
  region size 1024K, 98 young (100352K), 7 survivors (7168K)
 Metaspace       used 33544K, capacity 34198K, committed 34688K, reserved 1081344K
  class space    used 3431K, capacity 3700K, committed 3712K, reserved 1048576K
}
Event: 2.245 GC heap after
{Heap after GC invocations=6 (full 0):
 garbage-first heap   total 262144K, used 41751K [0x00000000c0000000, 0x0000000100000000)
  region size 1024K, 13 young (13312K), 13 survivors (13312K)
 Metaspace       used 33544K, capacity 34198K, committed 34688K, reserved 1081344K
  class space    used 3431K, capacity 3700K, committed 3712K, reserved 1048576K
}
Event: 2.434 GC heap before
{Heap before GC invocations=6 (full 0):
 garbage-first heap   total 262144K, used 74519K [0x00000000c0000000, 0x0000000100000000)
  region size 1024K, 45 young (46080K), 13 survivors (13312K)
 Metaspace       used 34700K, capacity 35456K, committed 35712K, reserved 1081344K
  class space    used 3530K, capacity 3844K, committed 3968K, reserved 1048576K
}
Event: 2.451 GC heap after
{Heap after GC invocations=7 (full 0):
 garbage-first heap   total 262144K, used 46309K [0x00000000c0000000, 0x0000000100000000)
  region size 1024K, 4 young (4096K), 4 survivors (4096K)
 Metaspace       used 34700K, capacity 35456K, committed 35712K, reserved 1081344K
  class space    used 3530K, capacity 3844K, committed 3968K, reserved 1048576K
}
Event: 2.476 GC heap before
{Heap before GC invocations=7 (full 0):
 garbage-first heap   total 262144K, used 52453K [0x00000000c0000000, 0x0000000100000000)
  region size 1024K, 11 young (11264K), 4 survivors (4096K)
 Metaspace       used 34907K, capacity 35687K, committed 35840K, reserved 1081344K
  class space    used 3569K, capacity 3900K, committed 3968K, reserved 1048576K
}
Event: 2.479 GC heap after
{Heap after GC invocations=8 (full 0):
 garbage-first heap   total 262144K, used 45820K [0x00000000c0000000, 0x0000000100000000)
  region size 1024K, 4 young (4096K), 4 survivors (4096K)
 Metaspace       used 34907K, capacity 35687K, committed 35840K, reserved 1081344K
  class space    used 3569K, capacity 3900K, committed 3968K, reserved 1048576K
}
Event: 2.733 GC heap before
{Heap before GC invocations=9 (full 0):
 garbage-first heap   total 262144K, used 121596K [0x00000000c0000000, 0x0000000100000000)
  region size 1024K, 79 young (80896K), 4 survivors (4096K)
 Metaspace       used 36106K, capacity 37122K, committed 37248K, reserved 1083392K
  class space    used 3736K, capacity 4162K, committed 4224K, reserved 1048576K
}
Event: 2.751 GC heap after
{Heap after GC invocations=10 (full 0):
 garbage-first heap   total 262144K, used 68608K [0x00000000c0000000, 0x0000000100000000)
  region size 1024K, 10 young (10240K), 10 survivors (10240K)
 Metaspace       used 36106K, capacity 37122K, committed 37248K, reserved 1083392K
  class space    used 3736K, capacity 4162K, committed 4224K, reserved 1048576K
}
Event: 3.089 GC heap before
{Heap before GC invocations=10 (full 0):
 garbage-first heap   total 262144K, used 142336K [0x00000000c0000000, 0x0000000100000000)
  region size 1024K, 83 young (84992K), 10 survivors (10240K)
 Metaspace       used 40418K, capacity 41486K, committed 41728K, reserved 1087488K
  class space    used 4130K, capacity 4546K, committed 4608K, reserved 1048576K
}
Event: 3.105 GC heap after
{Heap after GC invocations=11 (full 0):
 garbage-first heap   total 262144K, used 82315K [0x00000000c0000000, 0x0000000100000000)
  region size 1024K, 11 young (11264K), 11 survivors (11264K)
 Metaspace       used 40418K, capacity 41486K, committed 41728K, reserved 1087488K
  class space    used 4130K, capacity 4546K, committed 4608K, reserved 1048576K
}
Event: 3.315 GC heap before
{Heap before GC invocations=11 (full 0):
 garbage-first heap   total 262144K, used 157067K [0x00000000c0000000, 0x0000000100000000)
  region size 1024K, 84 young (86016K), 11 survivors (11264K)
 Metaspace       used 41710K, capacity 42830K, committed 43136K, reserved 1087488K
  class space    used 4252K, capacity 4692K, committed 4736K, reserved 1048576K
}

