# JRE version: OpenJDK Runtime Environment Temurin-11.0.18+10 (11.0.18+10) (build 11.0.18+10)
# Java VM: OpenJDK 64-Bit Server VM Temurin-11.0.18+10 (11.0.18+10, mixed mode, tiered, compressed oops, g1 gc, linux-amd64)
Heap:
 garbage-first heap   total 262144K, used 170013K [0x00000000c0000000, 0x0000000100000000)
  region size 1024K, 163 young (166912K), 20 survivors (20480K)
 Metaspace       used 36022K, capacity 36895K, committed 37120K, reserved 1083392K
  class space    used 3619K, capacity 3977K, committed 4096K, reserved 1048576K
GC Heap History (13 events):
Event: 1.367 GC heap before
{Heap before GC invocations=0 (full 0):
 garbage-first heap   total 262144K, used 27648K [0x00000000c0000000, 0x0000000100000000)
  region size 1024K, 24 young (24576K), 0 survivors (0K)
 Metaspace       used 11890K, capacity 12105K, committed 12160K, reserved 1060864K
  class space    used 1054K, capacity 1139K, committed 1152K, reserved 1048576K
}
Event: 1.381 GC heap after
{Heap after GC invocations=1 (full 0):
 garbage-first heap   total 262144K, used 11937K [0x00000000c0000000, 0x0000000100000000)
  region size 1024K, 3 young (3072K), 3 survivors (3072K)
 Metaspace       used 11890K, capacity 12105K, committed 12160K, reserved 1060864K
  class space    used 1054K, capacity 1139K, committed 1152K, reserved 1048576K
}
Event: 2.122 GC heap before
{Heap before GC invocations=1 (full 0):
 garbage-first heap   total 262144K, used 29345K [0x00000000c0000000, 0x0000000100000000)
  region size 1024K, 20 young (20480K), 3 survivors (3072K)
 Metaspace       used 16117K, capacity 16380K, committed 16768K, reserved 1064960K
  class space    used 1498K, capacity 1603K, committed 1664K, reserved 1048576K
}
Event: 2.156 GC heap after
{Heap after GC invocations=2 (full 0):
 garbage-first heap   total 262144K, used 13513K [0x00000000c0000000, 0x0000000100000000)
  region size 1024K, 2 young (2048K), 2 survivors (2048K)
 Metaspace       used 16117K, capacity 16380K, committed 16768K, reserved 1064960K
  class space    used 1498K, capacity 1603K, committed 1664K, reserved 1048576K
}
Event: 2.943 GC heap before
{Heap before GC invocations=2 (full 0):
 garbage-first heap   total 262144K, used 48329K [0x00000000c0000000, 0x0000000100000000)
  region size 1024K, 37 young (37888K), 2 survivors (2048K)
 Metaspace       used 20694K, capacity 21085K, committed 21248K, reserved 1069056K
  class space    used 2055K, capacity 2217K, committed 2304K, reserved 1048576K
}
Event: 2.950 GC heap after
{Heap after GC invocations=3 (full 0):
 garbage-first heap   total 262144K, used 15609K [0x00000000c0000000, 0x0000000100000000)
  region size 1024K, 4 young (4096K), 4 survivors (4096K)
 Metaspace       used 20694K, capacity 21085K, committed 21248K, reserved 1069056K
  class space    used 2055K, capacity 2217K, committed 2304K, reserved 1048576K
}
Event: 3.771 GC heap before
{Heap before GC invocations=4 (full 0):
 garbage-first heap   total 262144K, used 68857K [0x00000000c0000000, 0x0000000100000000)
  region size 1024K, 57 young (58368K), 4 survivors (4096K)
 Metaspace       used 26622K, capacity 27157K, committed 27392K, reserved 1073152K
  class space    used 2742K, capacity 2955K, committed 3072K, reserved 1048576K
}
Event: 3.778 GC heap after
{Heap after GC invocations=5 (full 0):
 garbage-first heap   total 262144K, used 19532K [0x00000000c0000000, 0x0000000100000000)
  region size 1024K, 8 young (8192K), 8 survivors (8192K)
 Metaspace       used 26622K, capacity 27157K, committed 27392K, reserved 1073152K
  class space    used 2742K, capacity 2955K, committed 3072K, reserved 1048576K
}
Event: 4.687 GC heap before
{Heap before GC invocations=5 (full 0):
 garbage-first heap   total 262144K, used 105548K [0x00000000c0000000, 0x0000000100000000)
  region size 1024K, 93 young (95232K), 8 survivors (8192K)
 Metaspace       used 34925K, capacity 35772K, committed 35840K, reserved 1081344K
  class space    used 3592K, capacity 3950K, committed 3968K, reserved 1048576K
}
Event: 4.696 GC heap after
{Heap after GC invocations=6 (full 0):
 garbage-first heap   total 262144K, used 23012K [0x00000000c0000000, 0x0000000100000000)
  region size 1024K, 10 young (10240K), 10 survivors (10240K)
 Metaspace       used 34925K, capacity 35772K, committed 35840K, reserved 1081344K
  class space    used 3592K, capacity 3950K, committed 3968K, reserved 1048576K
}
Event: 4.710 GC heap before
{Heap before GC invocations=6 (full 0):
 garbage-first heap   total 262144K, used 25060K [0x00000000c0000000, 0x0000000100000000)
  region size 1024K, 13 young (13312K), 10 survivors (10240K)
 Metaspace       used 34945K, capacity 35772K, committed 35840K, reserved 1081344K
  class space    used 3592K, capacity 3950K, committed 3968K, reserved 1048576K
}
Event: 4.730 GC heap after
{Heap after GC invocations=7 (full 0):
 garbage-first heap   total 262144K, used 23581K [0x00000000c0000000, 0x0000000100000000)
  region size 1024K, 10 young (10240K), 10 survivors (10240K)
 Metaspace       used 34945K, capacity 35772K, committed 35840K, reserved 1081344K
  class space    used 3592K, capacity 3950K, committed 3968K, reserved 1048576K
}
Event: 5.653 GC heap before
{Heap before GC invocations=8 (full 0):
 garbage-first heap   total 262144K, used 168989K [0x00000000c0000000, 0x0000000100000000)
  region size 1024K, 153 young (156672K), 10 survivors (10240K)
 Metaspace       used 36022K, capacity 36895K, committed 37120K, reserved 1083392K
  class space    used 3619K, capacity 3977K, committed 4096K, reserved 1048576K
}

