# JRE version: OpenJDK Runtime Environment Temurin-11.0.18+10 (11.0.18+10) (build 11.0.18+10)
# Java VM: OpenJDK 64-Bit Server VM Temurin-11.0.18+10 (11.0.18+10, mixed mode, tiered, compressed oops, g1 gc, linux-amd64)
Heap:
 garbage-first heap   total 262144K, used 98605K [0x00000000c0000000, 0x0000000100000000)
  region size 1024K, 58 young (59392K), 4 survivors (4096K)
 Metaspace       used 35340K, capacity 36217K, committed 36480K, reserved 1081344K
  class space    used 3613K, capacity 3967K, committed 3968K, reserved 1048576K
GC Heap History (12 events):
Event: 0.973 GC heap before
{Heap before GC invocations=0 (full 0):
 garbage-first heap   total 262144K, used 27648K [0x00000000c0000000, 0x0000000100000000)
  region size 1024K, 24 young (24576K), 0 survivors (0K)
 Metaspace       used 11927K, capacity 12104K, committed 12160K, reserved 1060864K
  class space    used 1054K, capacity 1139K, committed 1152K, reserved 1048576K
}
Event: 0.980 GC heap after
{Heap after GC invocations=1 (full 0):
 garbage-first heap   total 262144K, used 11748K [0x00000000c0000000, 0x0000000100000000)
  region size 1024K, 3 young (3072K), 3 survivors (3072K)
 Metaspace       used 11927K, capacity 12104K, committed 12160K, reserved 1060864K
  class space    used 1054K, capacity 1139K, committed 1152K, reserved 1048576K
}
Event: 1.460 GC heap before
{Heap before GC invocations=1 (full 0):
 garbage-first heap   total 262144K, used 32228K [0x00000000c0000000, 0x0000000100000000)
  region size 1024K, 23 young (23552K), 3 survivors (3072K)
 Metaspace       used 16468K, capacity 16744K, committed 17024K, reserved 1064960K
  class space    used 1542K, capacity 1638K, committed 1664K, reserved 1048576K
}
Event: 1.466 GC heap after
{Heap after GC invocations=2 (full 0):
 garbage-first heap   total 262144K, used 13598K [0x00000000c0000000, 0x0000000100000000)
  region size 1024K, 2 young (2048K), 2 survivors (2048K)
 Metaspace       used 16468K, capacity 16744K, committed 17024K, reserved 1064960K
  class space    used 1542K, capacity 1638K, committed 1664K, reserved 1048576K
}
Event: 2.099 GC heap before
{Heap before GC invocations=2 (full 0):
 garbage-first heap   total 262144K, used 43294K [0x00000000c0000000, 0x0000000100000000)
  region size 1024K, 33 young (33792K), 2 survivors (2048K)
 Metaspace       used 20669K, capacity 20991K, committed 21248K, reserved 1069056K
  class space    used 2039K, capacity 2183K, committed 2304K, reserved 1048576K
}
Event: 2.132 GC heap after
{Heap after GC invocations=3 (full 0):
 garbage-first heap   total 262144K, used 15423K [0x00000000c0000000, 0x0000000100000000)
  region size 1024K, 4 young (4096K), 4 survivors (4096K)
 Metaspace       used 20669K, capacity 20991K, committed 21248K, reserved 1069056K
  class space    used 2039K, capacity 2183K, committed 2304K, reserved 1048576K
}
Event: 2.744 GC heap before
{Heap before GC invocations=4 (full 0):
 garbage-first heap   total 262144K, used 65599K [0x00000000c0000000, 0x0000000100000000)
  region size 1024K, 54 young (55296K), 4 survivors (4096K)
 Metaspace       used 26726K, capacity 27230K, committed 27392K, reserved 1073152K
  class space    used 2771K, capacity 2984K, committed 3072K, reserved 1048576K
}
Event: 2.754 GC heap after
{Heap after GC invocations=5 (full 0):
 garbage-first heap   total 262144K, used 17545K [0x00000000c0000000, 0x0000000100000000)
  region size 1024K, 6 young (6144K), 6 survivors (6144K)
 Metaspace       used 26726K, capacity 27230K, committed 27392K, reserved 1073152K
  class space    used 2771K, capacity 2984K, committed 3072K, reserved 1048576K
}
Event: 3.358 GC heap before
{Heap before GC invocations=6 (full 0):
 garbage-first heap   total 262144K, used 99465K [0x00000000c0000000, 0x0000000100000000)
  region size 1024K, 87 young (89088K), 6 survivors (6144K)
 Metaspace       used 30602K, capacity 31241K, committed 31488K, reserved 1077248K
  class space    used 3228K, capacity 3505K, committed 3584K, reserved 1048576K
}
Event: 3.384 GC heap after
{Heap after GC invocations=7 (full 0):
 garbage-first heap   total 262144K, used 41613K [0x00000000c0000000, 0x0000000100000000)
  region size 1024K, 11 young (11264K), 11 survivors (11264K)
 Metaspace       used 30602K, capacity 31241K, committed 31488K, reserved 1077248K
  class space    used 3228K, capacity 3505K, committed 3584K, reserved 1048576K
}
Event: 3.694 GC heap before
{Heap before GC invocations=7 (full 0):
 garbage-first heap   total 262144K, used 77453K [0x00000000c0000000, 0x0000000100000000)
  region size 1024K, 47 young (48128K), 11 survivors (11264K)
 Metaspace       used 33953K, capacity 34700K, committed 35328K, reserved 1081344K
  class space    used 3438K, capacity 3738K, committed 3840K, reserved 1048576K
}
Event: 3.713 GC heap after
{Heap after GC invocations=8 (full 0):
 garbage-first heap   total 262144K, used 45357K [0x00000000c0000000, 0x0000000100000000)
  region size 1024K, 4 young (4096K), 4 survivors (4096K)
 Metaspace       used 33953K, capacity 34700K, committed 35328K, reserved 1081344K
  class space    used 3438K, capacity 3738K, committed 3840K, reserved 1048576K
}

