# JRE version: OpenJDK Runtime Environment Temurin-11.0.18+10 (11.0.18+10) (build 11.0.18+10)
# Java VM: OpenJDK 64-Bit Server VM Temurin-11.0.18+10 (11.0.18+10, mixed mode, tiered, compressed oops, g1 gc, linux-amd64)
Heap:
 garbage-first heap   total 262144K, used 114908K [0x00000000c0000000, 0x0000000100000000)
  region size 1024K, 26 young (26624K), 5 survivors (5120K)
 Metaspace       used 37205K, capacity 38177K, committed 38528K, reserved 1083392K
  class space    used 3730K, capacity 4118K, committed 4224K, reserved 1048576K
GC Heap History (20 events):
Event: 2.599 GC heap before
{Heap before GC invocations=0 (full 0):
 garbage-first heap   total 262144K, used 27648K [0x00000000c0000000, 0x0000000100000000)
  region size 1024K, 24 young (24576K), 0 survivors (0K)
 Metaspace       used 11867K, capacity 12040K, committed 12160K, reserved 1060864K
  class space    used 1059K, capacity 1139K, committed 1152K, reserved 1048576K
}
Event: 2.630 GC heap after
{Heap after GC invocations=1 (full 0):
 garbage-first heap   total 262144K, used 12029K [0x00000000c0000000, 0x0000000100000000)
  region size 1024K, 3 young (3072K), 3 survivors (3072K)
 Metaspace       used 11867K, capacity 12040K, committed 12160K, reserved 1060864K
  class space    used 1059K, capacity 1139K, committed 1152K, reserved 1048576K
}
Event: 3.475 GC heap before
{Heap before GC invocations=1 (full 0):
 garbage-first heap   total 262144K, used 21245K [0x00000000c0000000, 0x0000000100000000)
  region size 1024K, 12 young (12288K), 3 survivors (3072K)
 Metaspace       used 14430K, capacity 14591K, committed 14720K, reserved 1062912K
  class space    used 1315K, capacity 1370K, committed 1408K, reserved 1048576K
}
Event: 3.532 GC heap after
{Heap after GC invocations=2 (full 0):
 garbage-first heap   total 262144K, used 13305K [0x00000000c0000000, 0x0000000100000000)
  region size 1024K, 2 young (2048K), 2 survivors (2048K)
 Metaspace       used 14430K, capacity 14591K, committed 14720K, reserved 1062912K
  class space    used 1315K, capacity 1370K, committed 1408K, reserved 1048576K
}
Event: 5.251 GC heap before
{Heap before GC invocations=2 (full 0):
 garbage-first heap   total 262144K, used 45049K [0x00000000c0000000, 0x0000000100000000)
  region size 1024K, 33 young (33792K), 2 survivors (2048K)
 Metaspace       used 18803K, capacity 19044K, committed 19456K, reserved 1067008K
  class space    used 1826K, capacity 1952K, committed 2048K, reserved 1048576K
}
Event: 5.258 GC heap after
{Heap after GC invocations=3 (full 0):
 garbage-first heap   total 262144K, used 14928K [0x00000000c0000000, 0x0000000100000000)
  region size 1024K, 3 young (3072K), 3 survivors (3072K)
 Metaspace       used 18803K, capacity 19044K, committed 19456K, reserved 1067008K
  class space    used 1826K, capacity 1952K, committed 2048K, reserved 1048576K
}
Event: 5.894 GC heap before
{Heap before GC invocations=3 (full 0):
 garbage-first heap   total 262144K, used 28240K [0x00000000c0000000, 0x0000000100000000)
  region size 1024K, 17 young (17408K), 3 survivors (3072K)
 Metaspace       used 20766K, capacity 21167K, committed 21248K, reserved 1069056K
  class space    used 2084K, capacity 2244K, committed 2304K, reserved 1048576K
}
Event: 5.930 GC heap after
{Heap after GC invocations=4 (full 0):
 garbage-first heap   total 262144K, used 16044K [0x00000000c0000000, 0x0000000100000000)
  region size 1024K, 4 young (4096K), 4 survivors (4096K)
 Metaspace       used 20766K, capacity 21167K, committed 21248K, reserved 1069056K
  class space    used 2084K, capacity 2244K, committed 2304K, reserved 1048576K
}
Event: 7.539 GC heap before
{Heap before GC invocations=5 (full 0):
 garbage-first heap   total 262144K, used 75436K [0x00000000c0000000, 0x0000000100000000)
  region size 1024K, 63 young (64512K), 4 survivors (4096K)
 Metaspace       used 27057K, capacity 27635K, committed 27904K, reserved 1075200K
  class space    used 2814K, capacity 3030K, committed 3072K, reserved 1048576K
}
Event: 7.577 GC heap after
{Heap after GC invocations=6 (full 0):
 garbage-first heap   total 262144K, used 20543K [0x00000000c0000000, 0x0000000100000000)
  region size 1024K, 8 young (8192K), 8 survivors (8192K)
 Metaspace       used 27057K, capacity 27635K, committed 27904K, reserved 1075200K
  class space    used 2814K, capacity 3030K, committed 3072K, reserved 1048576K
}
Event: 8.684 GC heap before
{Heap before GC invocations=6 (full 0):
 garbage-first heap   total 262144K, used 85055K [0x00000000c0000000, 0x0000000100000000)
  region size 1024K, 73 young (74752K), 8 survivors (8192K)
 Metaspace       used 34926K, capacity 35759K, committed 35840K, reserved 1081344K
  class space    used 3609K, capacity 3964K, committed 3968K, reserved 1048576K
}
Event: 8.745 GC heap after
{Heap after GC invocations=7 (full 0):
 garbage-first heap   total 262144K, used 33629K [0x00000000c0000000, 0x0000000100000000)
  region size 1024K, 12 young (12288K), 12 survivors (12288K)
 Metaspace       used 34926K, capacity 35759K, committed 35840K, reserved 1081344K
  class space    used 3609K, capacity 3964K, committed 3968K, reserved 1048576K
}
Event: 9.360 GC heap before
{Heap before GC invocations=8 (full 0):
 garbage-first heap   total 262144K, used 113501K [0x00000000c0000000, 0x0000000100000000)
  region size 1024K, 90 young (92160K), 12 survivors (12288K)
 Metaspace       used 35831K, capacity 36729K, committed 36864K, reserved 1081344K
  class space    used 3683K, capacity 4048K, committed 4096K, reserved 1048576K
}
Event: 9.398 GC heap after
{Heap after GC invocations=9 (full 0):
 garbage-first heap   total 262144K, used 57344K [0x00000000c0000000, 0x0000000100000000)
  region size 1024K, 12 young (12288K), 12 survivors (12288K)
 Metaspace       used 35831K, capacity 36729K, committed 36864K, reserved 1081344K
  class space    used 3683K, capacity 4048K, committed 4096K, reserved 1048576K
}
Event: 9.851 GC heap before
{Heap before GC invocations=9 (full 0):
 garbage-first heap   total 262144K, used 136192K [0x00000000c0000000, 0x0000000100000000)
  region size 1024K, 89 young (91136K), 12 survivors (12288K)
 Metaspace       used 36303K, capacity 37189K, committed 37376K, reserved 1083392K
  class space    used 3689K, capacity 4051K, committed 4096K, reserved 1048576K
}
Event: 9.870 GC heap after
{Heap after GC invocations=10 (full 0):
 garbage-first heap   total 262144K, used 65465K [0x00000000c0000000, 0x0000000100000000)
  region size 1024K, 7 young (7168K), 7 survivors (7168K)
 Metaspace       used 36303K, capacity 37189K, committed 37376K, reserved 1083392K
  class space    used 3689K, capacity 4051K, committed 4096K, reserved 1048576K
}
Event: 10.351 GC heap before
{Heap before GC invocations=10 (full 0):
 garbage-first heap   total 262144K, used 156601K [0x00000000c0000000, 0x0000000100000000)
  region size 1024K, 96 young (98304K), 7 survivors (7168K)
 Metaspace       used 36637K, capacity 37533K, committed 37888K, reserved 1083392K
  class space    used 3693K, capacity 4057K, committed 4096K, reserved 1048576K
}
Event: 10.380 GC heap after
{Heap after GC invocations=11 (full 0):
 garbage-first heap   total 262144K, used 88064K [0x00000000c0000000, 0x0000000100000000)
  region size 1024K, 12 young (12288K), 12 survivors (12288K)
 Metaspace       used 36637K, capacity 37533K, committed 37888K, reserved 1083392K
  class space    used 3693K, capacity 4057K, committed 4096K, reserved 1048576K
}
Event: 10.968 GC heap before
{Heap before GC invocations=11 (full 0):
 garbage-first heap   total 262144K, used 174080K [0x00000000c0000000, 0x0000000100000000)
  region size 1024K, 96 young (98304K), 12 survivors (12288K)
 Metaspace       used 37205K, capacity 38177K, committed 38528K, reserved 1083392K
  class space    used 3730K, capacity 4118K, committed 4224K, reserved 1048576K
}
Event: 10.987 GC heap after
{Heap after GC invocations=12 (full 0):
 garbage-first heap   total 262144K, used 94428K [0x00000000c0000000, 0x0000000100000000)
  region size 1024K, 5 young (5120K), 5 survivors (5120K)
 Metaspace       used 37205K, capacity 38177K, committed 38528K, reserved 1083392K
  class space    used 3730K, capacity 4118K, committed 4224K, reserved 1048576K
}

