# JRE version: OpenJDK Runtime Environment Temurin-11.0.18+10 (11.0.18+10) (build 11.0.18+10)
# Java VM: OpenJDK 64-Bit Server VM Temurin-11.0.18+10 (11.0.18+10, mixed mode, tiered, compressed oops, g1 gc, linux-amd64)
Heap:
 garbage-first heap   total 262144K, used 17774K [0x00000000c0000000, 0x0000000100000000)
  region size 1024K, 7 young (7168K), 4 survivors (4096K)
 Metaspace       used 21154K, capacity 21550K, committed 21760K, reserved 1069056K
  class space    used 2112K, capacity 2284K, committed 2304K, reserved 1048576K
GC Heap History (6 events):
Event: 0.953 GC heap before
{Heap before GC invocations=0 (full 0):
 garbage-first heap   total 262144K, used 28672K [0x00000000c0000000, 0x0000000100000000)
  region size 1024K, 24 young (24576K), 0 survivors (0K)
 Metaspace       used 11889K, capacity 12073K, committed 12160K, reserved 1060864K
  class space    used 1049K, capacity 1107K, committed 1152K, reserved 1048576K
}
Event: 0.963 GC heap after
{Heap after GC invocations=1 (full 0):
 garbage-first heap   total 262144K, used 11886K [0x00000000c0000000, 0x0000000100000000)
  region size 1024K, 3 young (3072K), 3 survivors (3072K)
 Metaspace       used 11889K, capacity 12073K, committed 12160K, reserved 1060864K
  class space    used 1049K, capacity 1107K, committed 1152K, reserved 1048576K
}
Event: 1.492 GC heap before
{Heap before GC invocations=1 (full 0):
 garbage-first heap   total 262144K, used 31342K [0x00000000c0000000, 0x0000000100000000)
  region size 1024K, 22 young (22528K), 3 survivors (3072K)
 Metaspace       used 16347K, capacity 16551K, committed 16768K, reserved 1064960K
  class space    used 1527K, capacity 1638K, committed 1664K, reserved 1048576K
}
Event: 1.499 GC heap after
{Heap after GC invocations=2 (full 0):
 garbage-first heap   total 262144K, used 13790K [0x00000000c0000000, 0x0000000100000000)
  region size 1024K, 2 young (2048K), 2 survivors (2048K)
 Metaspace       used 16347K, capacity 16551K, committed 16768K, reserved 1064960K
  class space    used 1527K, capacity 1638K, committed 1664K, reserved 1048576K
}
Event: 2.383 GC heap before
{Heap before GC invocations=2 (full 0):
 garbage-first heap   total 262144K, used 45534K [0x00000000c0000000, 0x0000000100000000)
  region size 1024K, 34 young (34816K), 2 survivors (2048K)
 Metaspace       used 20750K, capacity 21151K, committed 21504K, reserved 1069056K
  class space    used 2050K, capacity 2215K, committed 2304K, reserved 1048576K
}
Event: 2.391 GC heap after
{Heap after GC invocations=3 (full 0):
 garbage-first heap   total 262144K, used 15726K [0x00000000c0000000, 0x0000000100000000)
  region size 1024K, 4 young (4096K), 4 survivors (4096K)
 Metaspace       used 20750K, capacity 21151K, committed 21504K, reserved 1069056K
  class space    used 2050K, capacity 2215K, committed 2304K, reserved 1048576K
}

