# JRE version: OpenJDK Runtime Environment Temurin-11.0.18+10 (11.0.18+10) (build 11.0.18+10)
# Java VM: OpenJDK 64-Bit Server VM Temurin-11.0.18+10 (11.0.18+10, mixed mode, tiered, compressed oops, g1 gc, linux-amd64)
Heap:
 garbage-first heap   total 317440K, used 130682K [0x00000000c0000000, 0x0000000100000000)
  region size 1024K, 18 young (18432K), 12 survivors (12288K)
 Metaspace       used 40497K, capacity 41761K, committed 41880K, reserved 1087488K
  class space    used 4158K, capacity 4676K, committed 4760K, reserved 1048576K
GC Heap History (20 events):
Event: 1.216 GC heap before
{Heap before GC invocations=1 (full 0):
 garbage-first heap   total 262144K, used 33346K [0x00000000c0000000, 0x0000000100000000)
  region size 1024K, 24 young (24576K), 3 survivors (3072K)
 Metaspace       used 16567K, capacity 16814K, committed 17024K, reserved 1064960K
  class space    used 1555K, capacity 1639K, committed 1664K, reserved 1048576K
}
Event: 1.221 GC heap after
{Heap after GC invocations=2 (full 0):
 garbage-first heap   total 262144K, used 13806K [0x00000000c0000000, 0x0000000100000000)
  region size 1024K, 2 young (2048K), 2 survivors (2048K)
 Metaspace       used 16567K, capacity 16814K, committed 17024K, reserved 1064960K
  class space    used 1555K, capacity 1639K, committed 1664K, reserved 1048576K
}
Event: 2.029 GC heap before
{Heap before GC invocations=2 (full 0):
 garbage-first heap   total 262144K, used 42478K [0x00000000c0000000, 0x0000000100000000)
  region size 1024K, 31 young (31744K), 2 survivors (2048K)
 Metaspace       used 20654K, capacity 21055K, committed 21504K, reserved 1069056K
  class space    used 2041K, capacity 2183K, committed 2304K, reserved 1048576K
}
Event: 2.035 GC heap after
{Heap after GC invocations=3 (full 0):
 garbage-first heap   total 262144K, used 15655K [0x00000000c0000000, 0x0000000100000000)
  region size 1024K, 4 young (4096K), 4 survivors (4096K)
 Metaspace       used 20654K, capacity 21055K, committed 21504K, reserved 1069056K
  class space    used 2041K, capacity 2183K, committed 2304K, reserved 1048576K
}
Event: 2.749 GC heap before
{Heap before GC invocations=4 (full 0):
 garbage-first heap   total 262144K, used 67879K [0x00000000c0000000, 0x0000000100000000)
  region size 1024K, 56 young (57344K), 4 survivors (4096K)
 Metaspace       used 26748K, capacity 27312K, committed 27648K, reserved 1073152K
  class space    used 2774K, capacity 2990K, committed 3072K, reserved 1048576K
}
Event: 2.756 GC heap after
{Heap after GC invocations=5 (full 0):
 garbage-first heap   total 262144K, used 18122K [0x00000000c0000000, 0x0000000100000000)
  region size 1024K, 6 young (6144K), 6 survivors (6144K)
 Metaspace       used 26748K, capacity 27312K, committed 27648K, reserved 1073152K
  class space    used 2774K, capacity 2990K, committed 3072K, reserved 1048576K
}
Event: 3.574 GC heap before
{Heap before GC invocations=5 (full 0):
 garbage-first heap   total 262144K, used 116426K [0x00000000c0000000, 0x0000000100000000)
  region size 1024K, 103 young (105472K), 6 survivors (6144K)
 Metaspace       used 32965K, capacity 33612K, committed 33920K, reserved 1079296K
  class space    used 3423K, capacity 3700K, committed 3712K, reserved 1048576K
}
Event: 3.616 GC heap after
{Heap after GC invocations=6 (full 0):
 garbage-first heap   total 262144K, used 41321K [0x00000000c0000000, 0x0000000100000000)
  region size 1024K, 13 young (13312K), 13 survivors (13312K)
 Metaspace       used 32965K, capacity 33612K, committed 33920K, reserved 1079296K
  class space    used 3423K, capacity 3700K, committed 3712K, reserved 1048576K
}
Event: 3.837 GC heap before
{Heap before GC invocations=6 (full 0):
 garbage-first heap   total 262144K, used 72041K [0x00000000c0000000, 0x0000000100000000)
  region size 1024K, 43 young (44032K), 13 survivors (13312K)
 Metaspace       used 34102K, capacity 34776K, committed 35328K, reserved 1081344K
  class space    used 3473K, capacity 3766K, committed 3840K, reserved 1048576K
}
Event: 3.859 GC heap after
{Heap after GC invocations=7 (full 0):
 garbage-first heap   total 262144K, used 45905K [0x00000000c0000000, 0x0000000100000000)
  region size 1024K, 4 young (4096K), 4 survivors (4096K)
 Metaspace       used 34102K, capacity 34776K, committed 35328K, reserved 1081344K
  class space    used 3473K, capacity 3766K, committed 3840K, reserved 1048576K
}
Event: 4.049 GC heap before
{Heap before GC invocations=7 (full 0):
 garbage-first heap   total 262144K, used 73553K [0x00000000c0000000, 0x0000000100000000)
  region size 1024K, 32 young (32768K), 4 survivors (4096K)
 Metaspace       used 34985K, capacity 35832K, committed 35840K, reserved 1081344K
  class space    used 3595K, capacity 3967K, committed 3968K, reserved 1048576K
}
Event: 4.066 GC heap after
{Heap after GC invocations=8 (full 0):
 garbage-first heap   total 262144K, used 46240K [0x00000000c0000000, 0x0000000100000000)
  region size 1024K, 5 young (5120K), 5 survivors (5120K)
 Metaspace       used 34985K, capacity 35832K, committed 35840K, reserved 1081344K
  class space    used 3595K, capacity 3967K, committed 3968K, reserved 1048576K
}
Event: 4.471 GC heap before
{Heap before GC invocations=9 (full 0):
 garbage-first heap   total 262144K, used 136352K [0x00000000c0000000, 0x0000000100000000)
  region size 1024K, 88 young (90112K), 5 survivors (5120K)
 Metaspace       used 36412K, capacity 37385K, committed 37528K, reserved 1083392K
  class space    used 3816K, capacity 4227K, committed 4248K, reserved 1048576K
}
Event: 4.521 GC heap after
{Heap after GC invocations=10 (full 0):
 garbage-first heap   total 262144K, used 74644K [0x00000000c0000000, 0x0000000100000000)
  region size 1024K, 11 young (11264K), 11 survivors (11264K)
 Metaspace       used 36412K, capacity 37385K, committed 37528K, reserved 1083392K
  class space    used 3816K, capacity 4227K, committed 4248K, reserved 1048576K
}
Event: 5.173 GC heap before
{Heap before GC invocations=11 (full 0):
 garbage-first heap   total 262144K, used 154516K [0x00000000c0000000, 0x0000000100000000)
  region size 1024K, 87 young (89088K), 11 survivors (11264K)
 Metaspace       used 39161K, capacity 40297K, committed 40472K, reserved 1085440K
  class space    used 4076K, capacity 4554K, committed 4632K, reserved 1048576K
}
Event: 5.201 GC heap after
{Heap after GC invocations=12 (full 0):
 garbage-first heap   total 262144K, used 96847K [0x00000000c0000000, 0x0000000100000000)
  region size 1024K, 11 young (11264K), 11 survivors (11264K)
 Metaspace       used 39161K, capacity 40297K, committed 40472K, reserved 1085440K
  class space    used 4076K, capacity 4554K, committed 4632K, reserved 1048576K
}
Event: 5.579 GC heap before
{Heap before GC invocations=12 (full 0):
 garbage-first heap   total 262144K, used 168527K [0x00000000c0000000, 0x0000000100000000)
  region size 1024K, 81 young (82944K), 11 survivors (11264K)
 Metaspace       used 39512K, capacity 40690K, committed 40984K, reserved 1085440K
  class space    used 4080K, capacity 4556K, committed 4632K, reserved 1048576K
}
Event: 5.597 GC heap after
{Heap after GC invocations=13 (full 0):
 garbage-first heap   total 317440K, used 104881K [0x00000000c0000000, 0x0000000100000000)
  region size 1024K, 7 young (7168K), 7 survivors (7168K)
 Metaspace       used 39512K, capacity 40690K, committed 40984K, reserved 1085440K
  class space    used 4080K, capacity 4556K, committed 4632K, reserved 1048576K
}
Event: 6.049 GC heap before
{Heap before GC invocations=13 (full 0):
 garbage-first heap   total 317440K, used 194993K [0x00000000c0000000, 0x0000000100000000)
  region size 1024K, 95 young (97280K), 7 survivors (7168K)
 Metaspace       used 40435K, capacity 41633K, committed 41880K, reserved 1087488K
  class space    used 4158K, capacity 4676K, committed 4760K, reserved 1048576K
}
Event: 6.082 GC heap after
{Heap after GC invocations=14 (full 0):
 garbage-first heap   total 317440K, used 125562K [0x00000000c0000000, 0x0000000100000000)
  region size 1024K, 12 young (12288K), 12 survivors (12288K)
 Metaspace       used 40435K, capacity 41633K, committed 41880K, reserved 1087488K
  class space    used 4158K, capacity 4676K, committed 4760K, reserved 1048576K
}

