# JRE version: OpenJDK Runtime Environment Temurin-11.0.18+10 (11.0.18+10) (build 11.0.18+10)
# Java VM: OpenJDK 64-Bit Server VM Temurin-11.0.18+10 (11.0.18+10, mixed mode, tiered, compressed oops, g1 gc, linux-amd64)
Heap:
 garbage-first heap   total 262144K, used 42652K [0x00000000c0000000, 0x0000000100000000)
  region size 1024K, 16 young (16384K), 1 survivors (1024K)
 Metaspace       used 30277K, capacity 30917K, committed 31232K, reserved 1077248K
  class space    used 3268K, capacity 3507K, committed 3584K, reserved 1048576K
GC Heap History (9 events):
Event: 0.741 GC heap before
{Heap before GC invocations=0 (full 0):
 garbage-first heap   total 262144K, used 27648K [0x00000000c0000000, 0x0000000100000000)
  region size 1024K, 24 young (24576K), 0 survivors (0K)
 Metaspace       used 11845K, capacity 12041K, committed 12160K, reserved 1060864K
  class space    used 1054K, capacity 1139K, committed 1152K, reserved 1048576K
}
Event: 0.746 GC heap after
{Heap after GC invocations=1 (full 0):
 garbage-first heap   total 262144K, used 11855K [0x00000000c0000000, 0x0000000100000000)
  region size 1024K, 3 young (3072K), 3 survivors (3072K)
 Metaspace       used 11845K, capacity 12041K, committed 12160K, reserved 1060864K
  class space    used 1054K, capacity 1139K, committed 1152K, reserved 1048576K
}
Event: 2.027 GC heap before
{Heap before GC invocations=1 (full 0):
 garbage-first heap   total 262144K, used 61007K [0x00000000c0000000, 0x0000000100000000)
  region size 1024K, 52 young (53248K), 3 survivors (3072K)
 Metaspace       used 20668K, capacity 21008K, committed 21248K, reserved 1069056K
  class space    used 2051K, capacity 2187K, committed 2304K, reserved 1048576K
}
Event: 2.044 GC heap after
{Heap after GC invocations=2 (full 0):
 garbage-first heap   total 262144K, used 15471K [0x00000000c0000000, 0x0000000100000000)
  region size 1024K, 7 young (7168K), 7 survivors (7168K)
 Metaspace       used 20668K, capacity 21008K, committed 21248K, reserved 1069056K
  class space    used 2051K, capacity 2187K, committed 2304K, reserved 1048576K
}
Event: 2.166 GC heap before
{Heap before GC invocations=3 (full 0):
 garbage-first heap   total 262144K, used 22639K [0x00000000c0000000, 0x0000000100000000)
  region size 1024K, 14 young (14336K), 7 survivors (7168K)
 Metaspace       used 21919K, capacity 22320K, committed 22528K, reserved 1069056K
  class space    used 2337K, capacity 2475K, committed 2560K, reserved 1048576K
}
Event: 2.177 GC heap after
{Heap after GC invocations=4 (full 0):
 garbage-first heap   total 262144K, used 16153K [0x00000000c0000000, 0x0000000100000000)
  region size 1024K, 1 young (1024K), 1 survivors (1024K)
 Metaspace       used 21919K, capacity 22320K, committed 22528K, reserved 1069056K
  class space    used 2337K, capacity 2475K, committed 2560K, reserved 1048576K
}
Event: 3.656 GC heap before
{Heap before GC invocations=4 (full 0):
 garbage-first heap   total 262144K, used 77593K [0x00000000c0000000, 0x0000000100000000)
  region size 1024K, 62 young (63488K), 1 survivors (1024K)
 Metaspace       used 30146K, capacity 30776K, committed 31232K, reserved 1077248K
  class space    used 3266K, capacity 3503K, committed 3584K, reserved 1048576K
}
Event: 3.673 GC heap after
{Heap after GC invocations=5 (full 0):
 garbage-first heap   total 262144K, used 27292K [0x00000000c0000000, 0x0000000100000000)
  region size 1024K, 8 young (8192K), 8 survivors (8192K)
 Metaspace       used 30146K, capacity 30776K, committed 31232K, reserved 1077248K
  class space    used 3266K, capacity 3503K, committed 3584K, reserved 1048576K
}
Event: 3.960 GC heap before
{Heap before GC invocations=5 (full 0):
 garbage-first heap   total 262144K, used 42652K [0x00000000c0000000, 0x0000000100000000)
  region size 1024K, 23 young (23552K), 8 survivors (8192K)
 Metaspace       used 30277K, capacity 30917K, committed 31232K, reserved 1077248K
  class space    used 3268K, capacity 3507K, committed 3584K, reserved 1048576K
}

