# JRE version: OpenJDK Runtime Environment Temurin-11.0.18+10 (11.0.18+10) (build 11.0.18+10)
# Java VM: OpenJDK 64-Bit Server VM Temurin-11.0.18+10 (11.0.18+10, mixed mode, tiered, compressed oops, g1 gc, linux-amd64)
Heap:
 garbage-first heap   total 409600K, used 320921K [0x00000000c0000000, 0x0000000100000000)
  region size 1024K, 192 young (196608K), 20 survivors (20480K)
 Metaspace       used 45881K, capacity 47340K, committed 47616K, reserved 1091584K
  class space    used 4521K, capacity 5109K, committed 5120K, reserved 1048576K
GC Heap History (20 events):
Event: 9.203 GC heap after
{Heap after GC invocations=29 (full 0):
 garbage-first heap   total 409600K, used 178087K [0x00000000c0000000, 0x0000000100000000)
  region size 1024K, 8 young (8192K), 8 survivors (8192K)
 Metaspace       used 44781K, capacity 46190K, committed 46592K, reserved 1091584K
  class space    used 4449K, capacity 5007K, committed 5120K, reserved 1048576K
}
Event: 9.473 GC heap before
{Heap before GC invocations=30 (full 0):
 garbage-first heap   total 409600K, used 261031K [0x00000000c0000000, 0x0000000100000000)
  region size 1024K, 114 young (116736K), 8 survivors (8192K)
 Metaspace       used 44669K, capacity 45991K, committed 46592K, reserved 1091584K
  class space    used 4435K, capacity 4962K, committed 5120K, reserved 1048576K
}
Event: 9.489 GC heap after
{Heap after GC invocations=31 (full 0):
 garbage-first heap   total 409600K, used 152532K [0x00000000c0000000, 0x0000000100000000)
  region size 1024K, 8 young (8192K), 8 survivors (8192K)
 Metaspace       used 44669K, capacity 45991K, committed 46592K, reserved 1091584K
  class space    used 4435K, capacity 4962K, committed 5120K, reserved 1048576K
}
Event: 9.506 GC heap before
{Heap before GC invocations=31 (full 0):
 garbage-first heap   total 409600K, used 164820K [0x00000000c0000000, 0x0000000100000000)
  region size 1024K, 20 young (20480K), 8 survivors (8192K)
 Metaspace       used 44669K, capacity 45991K, committed 46592K, reserved 1091584K
  class space    used 4435K, capacity 4962K, committed 5120K, reserved 1048576K
}
Event: 9.517 GC heap after
{Heap after GC invocations=32 (full 0):
 garbage-first heap   total 409600K, used 118332K [0x00000000c0000000, 0x0000000100000000)
  region size 1024K, 1 young (1024K), 1 survivors (1024K)
 Metaspace       used 44669K, capacity 45991K, committed 46592K, reserved 1091584K
  class space    used 4435K, capacity 4962K, committed 5120K, reserved 1048576K
}
Event: 9.640 GC heap before
{Heap before GC invocations=32 (full 0):
 garbage-first heap   total 409600K, used 257596K [0x00000000c0000000, 0x0000000100000000)
  region size 1024K, 137 young (140288K), 1 survivors (1024K)
 Metaspace       used 44669K, capacity 45991K, committed 46592K, reserved 1091584K
  class space    used 4435K, capacity 4962K, committed 5120K, reserved 1048576K
}
Event: 9.642 GC heap after
{Heap after GC invocations=33 (full 0):
 garbage-first heap   total 409600K, used 117623K [0x00000000c0000000, 0x0000000100000000)
  region size 1024K, 1 young (1024K), 1 survivors (1024K)
 Metaspace       used 44669K, capacity 45991K, committed 46592K, reserved 1091584K
  class space    used 4435K, capacity 4962K, committed 5120K, reserved 1048576K
}
Event: 9.815 GC heap before
{Heap before GC invocations=33 (full 0):
 garbage-first heap   total 409600K, used 288631K [0x00000000c0000000, 0x0000000100000000)
  region size 1024K, 168 young (172032K), 1 survivors (1024K)
 Metaspace       used 44685K, capacity 45991K, committed 46592K, reserved 1091584K
  class space    used 4435K, capacity 4962K, committed 5120K, reserved 1048576K
}
Event: 9.816 GC heap after
{Heap after GC invocations=34 (full 0):
 garbage-first heap   total 409600K, used 117447K [0x00000000c0000000, 0x0000000100000000)
  region size 1024K, 1 young (1024K), 1 survivors (1024K)
 Metaspace       used 44685K, capacity 45991K, committed 46592K, reserved 1091584K
  class space    used 4435K, capacity 4962K, committed 5120K, reserved 1048576K
}
Event: 9.933 GC heap before
{Heap before GC invocations=34 (full 0):
 garbage-first heap   total 409600K, used 305863K [0x00000000c0000000, 0x0000000100000000)
  region size 1024K, 185 young (189440K), 1 survivors (1024K)
 Metaspace       used 44685K, capacity 45991K, committed 46592K, reserved 1091584K
  class space    used 4435K, capacity 4962K, committed 5120K, reserved 1048576K
}
Event: 9.933 GC heap after
{Heap after GC invocations=35 (full 0):
 garbage-first heap   total 409600K, used 117425K [0x00000000c0000000, 0x0000000100000000)
  region size 1024K, 1 young (1024K), 1 survivors (1024K)
 Metaspace       used 44685K, capacity 45991K, committed 46592K, reserved 1091584K
  class space    used 4435K, capacity 4962K, committed 5120K, reserved 1048576K
}
Event: 10.090 GC heap before
{Heap before GC invocations=35 (full 0):
 garbage-first heap   total 409600K, used 317105K [0x00000000c0000000, 0x0000000100000000)
  region size 1024K, 196 young (200704K), 1 survivors (1024K)
 Metaspace       used 44724K, capacity 46011K, committed 46592K, reserved 1091584K
  class space    used 4438K, capacity 4967K, committed 5120K, reserved 1048576K
}
Event: 10.095 GC heap after
{Heap after GC invocations=36 (full 0):
 garbage-first heap   total 409600K, used 120081K [0x00000000c0000000, 0x0000000100000000)
  region size 1024K, 3 young (3072K), 3 survivors (3072K)
 Metaspace       used 44724K, capacity 46011K, committed 46592K, reserved 1091584K
  class space    used 4438K, capacity 4967K, committed 5120K, reserved 1048576K
}
Event: 10.629 GC heap before
{Heap before GC invocations=36 (full 0):
 garbage-first heap   total 409600K, used 325905K [0x00000000c0000000, 0x0000000100000000)
  region size 1024K, 204 young (208896K), 3 survivors (3072K)
 Metaspace       used 45325K, capacity 46729K, committed 46848K, reserved 1091584K
  class space    used 4503K, capacity 5093K, committed 5120K, reserved 1048576K
}
Event: 10.639 GC heap after
{Heap after GC invocations=37 (full 0):
 garbage-first heap   total 409600K, used 133410K [0x00000000c0000000, 0x0000000100000000)
  region size 1024K, 16 young (16384K), 16 survivors (16384K)
 Metaspace       used 45325K, capacity 46729K, committed 46848K, reserved 1091584K
  class space    used 4503K, capacity 5093K, committed 5120K, reserved 1048576K
}
Event: 11.109 GC heap before
{Heap before GC invocations=37 (full 0):
 garbage-first heap   total 409600K, used 323874K [0x00000000c0000000, 0x0000000100000000)
  region size 1024K, 202 young (206848K), 16 survivors (16384K)
 Metaspace       used 45584K, capacity 47036K, committed 47104K, reserved 1091584K
  class space    used 4509K, capacity 5103K, committed 5120K, reserved 1048576K
}
Event: 11.119 GC heap after
{Heap after GC invocations=38 (full 0):
 garbage-first heap   total 409600K, used 131301K [0x00000000c0000000, 0x0000000100000000)
  region size 1024K, 7 young (7168K), 7 survivors (7168K)
 Metaspace       used 45584K, capacity 47036K, committed 47104K, reserved 1091584K
  class space    used 4509K, capacity 5103K, committed 5120K, reserved 1048576K
}
Event: 11.562 GC heap before
{Heap before GC invocations=38 (full 0):
 garbage-first heap   total 409600K, used 325861K [0x00000000c0000000, 0x0000000100000000)
  region size 1024K, 198 young (202752K), 7 survivors (7168K)
 Metaspace       used 45778K, capacity 47270K, committed 47360K, reserved 1091584K
  class space    used 4521K, capacity 5109K, committed 5120K, reserved 1048576K
}
Event: 11.572 GC heap after
{Heap after GC invocations=39 (full 0):
 garbage-first heap   total 409600K, used 144793K [0x00000000c0000000, 0x0000000100000000)
  region size 1024K, 20 young (20480K), 20 survivors (20480K)
 Metaspace       used 45778K, capacity 47270K, committed 47360K, reserved 1091584K
  class space    used 4521K, capacity 5109K, committed 5120K, reserved 1048576K
}
Event: 11.829 GC heap before
{Heap before GC invocations=39 (full 0):
 garbage-first heap   total 409600K, used 320921K [0x00000000c0000000, 0x0000000100000000)
  region size 1024K, 192 young (196608K), 20 survivors (20480K)
 Metaspace       used 45881K, capacity 47340K, committed 47616K, reserved 1091584K
  class space    used 4521K, capacity 5109K, committed 5120K, reserved 1048576K
}

