# JRE version: OpenJDK Runtime Environment Temurin-11.0.18+10 (11.0.18+10) (build 11.0.18+10)
# Java VM: OpenJDK 64-Bit Server VM Temurin-11.0.18+10 (11.0.18+10, mixed mode, tiered, compressed oops, g1 gc, linux-amd64)
Heap:
 garbage-first heap   total 430080K, used 305208K [0x00000000c0000000, 0x0000000100000000)
  region size 1024K, 241 young (246784K), 28 survivors (28672K)
 Metaspace       used 46006K, capacity 47419K, committed 48332K, reserved 1091584K
  class space    used 4481K, capacity 5036K, committed 5324K, reserved 1048576K
GC Heap History (20 events):
Event: 17.486 GC heap after
{Heap after GC invocations=54 (full 0):
 garbage-first heap   total 430080K, used 178224K [0x00000000c0000000, 0x0000000100000000)
  region size 1024K, 2 young (2048K), 2 survivors (2048K)
 Metaspace       used 45229K, capacity 46553K, committed 46668K, reserved 1091584K
  class space    used 4402K, capacity 4916K, committed 4940K, reserved 1048576K
}
Event: 17.731 GC heap before
{Heap before GC invocations=54 (full 0):
 garbage-first heap   total 430080K, used 352304K [0x00000000c0000000, 0x0000000100000000)
  region size 1024K, 172 young (176128K), 2 survivors (2048K)
 Metaspace       used 45346K, capacity 46704K, committed 46924K, reserved 1091584K
  class space    used 4403K, capacity 4918K, committed 4940K, reserved 1048576K
}
Event: 17.745 GC heap after
{Heap after GC invocations=55 (full 0):
 garbage-first heap   total 430080K, used 190690K [0x00000000c0000000, 0x0000000100000000)
  region size 1024K, 14 young (14336K), 14 survivors (14336K)
 Metaspace       used 45346K, capacity 46704K, committed 46924K, reserved 1091584K
  class space    used 4403K, capacity 4918K, committed 4940K, reserved 1048576K
}
Event: 18.101 GC heap before
{Heap before GC invocations=55 (full 0):
 garbage-first heap   total 430080K, used 355554K [0x00000000c0000000, 0x0000000100000000)
  region size 1024K, 175 young (179200K), 14 survivors (14336K)
 Metaspace       used 46168K, capacity 47866K, committed 48076K, reserved 1091584K
  class space    used 4545K, capacity 5221K, committed 5324K, reserved 1048576K
}
Event: 18.121 GC heap after
{Heap after GC invocations=56 (full 0):
 garbage-first heap   total 430080K, used 215715K [0x00000000c0000000, 0x0000000100000000)
  region size 1024K, 22 young (22528K), 22 survivors (22528K)
 Metaspace       used 46168K, capacity 47866K, committed 48076K, reserved 1091584K
  class space    used 4545K, capacity 5221K, committed 5324K, reserved 1048576K
}
Event: 18.397 GC heap before
{Heap before GC invocations=56 (full 0):
 garbage-first heap   total 430080K, used 354979K [0x00000000c0000000, 0x0000000100000000)
  region size 1024K, 158 young (161792K), 22 survivors (22528K)
 Metaspace       used 46187K, capacity 47866K, committed 48076K, reserved 1091584K
  class space    used 4545K, capacity 5221K, committed 5324K, reserved 1048576K
}
Event: 18.417 GC heap after
{Heap after GC invocations=57 (full 0):
 garbage-first heap   total 430080K, used 228781K [0x00000000c0000000, 0x0000000100000000)
  region size 1024K, 12 young (12288K), 12 survivors (12288K)
 Metaspace       used 46187K, capacity 47866K, committed 48076K, reserved 1091584K
  class space    used 4545K, capacity 5221K, committed 5324K, reserved 1048576K
}
Event: 18.678 GC heap before
{Heap before GC invocations=57 (full 0):
 garbage-first heap   total 430080K, used 356781K [0x00000000c0000000, 0x0000000100000000)
  region size 1024K, 138 young (141312K), 12 survivors (12288K)
 Metaspace       used 46238K, capacity 47967K, committed 48332K, reserved 1091584K
  class space    used 4549K, capacity 5229K, committed 5324K, reserved 1048576K
}
Event: 18.695 GC heap after
{Heap after GC invocations=58 (full 0):
 garbage-first heap   total 430080K, used 224174K [0x00000000c0000000, 0x0000000100000000)
  region size 1024K, 4 young (4096K), 4 survivors (4096K)
 Metaspace       used 46238K, capacity 47967K, committed 48332K, reserved 1091584K
  class space    used 4549K, capacity 5229K, committed 5324K, reserved 1048576K
}
Event: 19.000 GC heap before
{Heap before GC invocations=59 (full 0):
 garbage-first heap   total 430080K, used 239534K [0x00000000c0000000, 0x0000000100000000)
  region size 1024K, 138 young (141312K), 4 survivors (4096K)
 Metaspace       used 45771K, capacity 47123K, committed 48332K, reserved 1091584K
  class space    used 4473K, capacity 5030K, committed 5324K, reserved 1048576K
}
Event: 19.004 GC heap after
{Heap after GC invocations=60 (full 0):
 garbage-first heap   total 430080K, used 106731K [0x00000000c0000000, 0x0000000100000000)
  region size 1024K, 8 young (8192K), 8 survivors (8192K)
 Metaspace       used 45771K, capacity 47123K, committed 48332K, reserved 1091584K
  class space    used 4473K, capacity 5030K, committed 5324K, reserved 1048576K
}
Event: 19.031 GC heap before
{Heap before GC invocations=60 (full 0):
 garbage-first heap   total 430080K, used 119019K [0x00000000c0000000, 0x0000000100000000)
  region size 1024K, 21 young (21504K), 8 survivors (8192K)
 Metaspace       used 45774K, capacity 47123K, committed 48332K, reserved 1091584K
  class space    used 4473K, capacity 5030K, committed 5324K, reserved 1048576K
}
Event: 19.032 GC heap after
{Heap after GC invocations=61 (full 0):
 garbage-first heap   total 430080K, used 63964K [0x00000000c0000000, 0x0000000100000000)
  region size 1024K, 2 young (2048K), 2 survivors (2048K)
 Metaspace       used 45774K, capacity 47123K, committed 48332K, reserved 1091584K
  class space    used 4473K, capacity 5030K, committed 5324K, reserved 1048576K
}
Event: 19.495 GC heap before
{Heap before GC invocations=61 (full 0):
 garbage-first heap   total 430080K, used 290268K [0x00000000c0000000, 0x0000000100000000)
  region size 1024K, 223 young (228352K), 2 survivors (2048K)
 Metaspace       used 45823K, capacity 47191K, committed 48332K, reserved 1091584K
  class space    used 4479K, capacity 5030K, committed 5324K, reserved 1048576K
}
Event: 19.502 GC heap after
{Heap after GC invocations=62 (full 0):
 garbage-first heap   total 430080K, used 80336K [0x00000000c0000000, 0x0000000100000000)
  region size 1024K, 18 young (18432K), 18 survivors (18432K)
 Metaspace       used 45823K, capacity 47191K, committed 48332K, reserved 1091584K
  class space    used 4479K, capacity 5030K, committed 5324K, reserved 1048576K
}
Event: 19.943 GC heap before
{Heap before GC invocations=62 (full 0):
 garbage-first heap   total 430080K, used 299472K [0x00000000c0000000, 0x0000000100000000)
  region size 1024K, 233 young (238592K), 18 survivors (18432K)
 Metaspace       used 45878K, capacity 47261K, committed 48332K, reserved 1091584K
  class space    used 4479K, capacity 5032K, committed 5324K, reserved 1048576K
}
Event: 19.956 GC heap after
{Heap after GC invocations=63 (full 0):
 garbage-first heap   total 430080K, used 85796K [0x00000000c0000000, 0x0000000100000000)
  region size 1024K, 23 young (23552K), 23 survivors (23552K)
 Metaspace       used 45878K, capacity 47261K, committed 48332K, reserved 1091584K
  class space    used 4479K, capacity 5032K, committed 5324K, reserved 1048576K
}
Event: 20.373 GC heap before
{Heap before GC invocations=63 (full 0):
 garbage-first heap   total 430080K, used 301860K [0x00000000c0000000, 0x0000000100000000)
  region size 1024K, 235 young (240640K), 23 survivors (23552K)
 Metaspace       used 45986K, capacity 47355K, committed 48332K, reserved 1091584K
  class space    used 4481K, capacity 5036K, committed 5324K, reserved 1048576K
}
Event: 20.384 GC heap after
{Heap after GC invocations=64 (full 0):
 garbage-first heap   total 430080K, used 87096K [0x00000000c0000000, 0x0000000100000000)
  region size 1024K, 24 young (24576K), 24 survivors (24576K)
 Metaspace       used 45986K, capacity 47355K, committed 48332K, reserved 1091584K
  class space    used 4481K, capacity 5036K, committed 5324K, reserved 1048576K
}
Event: 20.708 GC heap before
{Heap before GC invocations=64 (full 0):
 garbage-first heap   total 430080K, used 305208K [0x00000000c0000000, 0x0000000100000000)
  region size 1024K, 237 young (242688K), 24 survivors (24576K)
 Metaspace       used 46006K, capacity 47419K, committed 48332K, reserved 1091584K
  class space    used 4481K, capacity 5036K, committed 5324K, reserved 1048576K
}

