# JRE version: OpenJDK Runtime Environment Temurin-11.0.18+10 (11.0.18+10) (build 11.0.18+10)
# Java VM: OpenJDK 64-Bit Server VM Temurin-11.0.18+10 (11.0.18+10, mixed mode, tiered, compressed oops, g1 gc, linux-amd64)
Heap:
 garbage-first heap   total 472064K, used 245827K [0x00000000c0000000, 0x0000000100000000)
  region size 1024K, 113 young (115712K), 1 survivors (1024K)
 Metaspace       used 45965K, capacity 47288K, committed 47744K, reserved 1091584K
  class space    used 4532K, capacity 5059K, committed 5248K, reserved 1048576K
GC Heap History (20 events):
Event: 7.041 GC heap before
{Heap before GC invocations=15 (full 0):
 garbage-first heap   total 327680K, used 250388K [0x00000000c0000000, 0x0000000100000000)
  region size 1024K, 127 young (130048K), 1 survivors (1024K)
 Metaspace       used 44724K, capacity 46106K, committed 46336K, reserved 1091584K
  class space    used 4521K, capacity 5061K, committed 5120K, reserved 1048576K
}
Event: 7.044 GC heap after
{Heap after GC invocations=16 (full 0):
 garbage-first heap   total 327680K, used 121336K [0x00000000c0000000, 0x0000000100000000)
  region size 1024K, 1 young (1024K), 1 survivors (1024K)
 Metaspace       used 44724K, capacity 46106K, committed 46336K, reserved 1091584K
  class space    used 4521K, capacity 5061K, committed 5120K, reserved 1048576K
}
Event: 7.147 GC heap before
{Heap before GC invocations=16 (full 0):
 garbage-first heap   total 327680K, used 263672K [0x00000000c0000000, 0x0000000100000000)
  region size 1024K, 140 young (143360K), 1 survivors (1024K)
 Metaspace       used 44724K, capacity 46106K, committed 46336K, reserved 1091584K
  class space    used 4521K, capacity 5061K, committed 5120K, reserved 1048576K
}
Event: 7.147 GC heap after
{Heap after GC invocations=17 (full 0):
 garbage-first heap   total 327680K, used 121316K [0x00000000c0000000, 0x0000000100000000)
  region size 1024K, 1 young (1024K), 1 survivors (1024K)
 Metaspace       used 44724K, capacity 46106K, committed 46336K, reserved 1091584K
  class space    used 4521K, capacity 5061K, committed 5120K, reserved 1048576K
}
Event: 7.254 GC heap before
{Heap before GC invocations=17 (full 0):
 garbage-first heap   total 327680K, used 268772K [0x00000000c0000000, 0x0000000100000000)
  region size 1024K, 145 young (148480K), 1 survivors (1024K)
 Metaspace       used 44724K, capacity 46106K, committed 46336K, reserved 1091584K
  class space    used 4521K, capacity 5061K, committed 5120K, reserved 1048576K
}
Event: 7.256 GC heap after
{Heap after GC invocations=18 (full 0):
 garbage-first heap   total 327680K, used 121324K [0x00000000c0000000, 0x0000000100000000)
  region size 1024K, 1 young (1024K), 1 survivors (1024K)
 Metaspace       used 44724K, capacity 46106K, committed 46336K, reserved 1091584K
  class space    used 4521K, capacity 5061K, committed 5120K, reserved 1048576K
}
Event: 7.747 GC heap before
{Heap before GC invocations=18 (full 0):
 garbage-first heap   total 327680K, used 272876K [0x00000000c0000000, 0x0000000100000000)
  region size 1024K, 149 young (152576K), 1 survivors (1024K)
 Metaspace       used 45233K, capacity 46588K, committed 46848K, reserved 1091584K
  class space    used 4538K, capacity 5080K, committed 5120K, reserved 1048576K
}
Event: 7.756 GC heap after
{Heap after GC invocations=19 (full 0):
 garbage-first heap   total 327680K, used 129650K [0x00000000c0000000, 0x0000000100000000)
  region size 1024K, 9 young (9216K), 9 survivors (9216K)
 Metaspace       used 45233K, capacity 46588K, committed 46848K, reserved 1091584K
  class space    used 4538K, capacity 5080K, committed 5120K, reserved 1048576K
}
Event: 8.146 GC heap before
{Heap before GC invocations=19 (full 0):
 garbage-first heap   total 327680K, used 271986K [0x00000000c0000000, 0x0000000100000000)
  region size 1024K, 148 young (151552K), 9 survivors (9216K)
 Metaspace       used 45689K, capacity 47135K, committed 47488K, reserved 1091584K
  class space    used 4558K, capacity 5128K, committed 5248K, reserved 1048576K
}
Event: 8.166 GC heap after
{Heap after GC invocations=20 (full 0):
 garbage-first heap   total 327680K, used 152977K [0x00000000c0000000, 0x0000000100000000)
  region size 1024K, 19 young (19456K), 19 survivors (19456K)
 Metaspace       used 45689K, capacity 47135K, committed 47488K, reserved 1091584K
  class space    used 4558K, capacity 5128K, committed 5248K, reserved 1048576K
}
Event: 8.392 GC heap before
{Heap before GC invocations=20 (full 0):
 garbage-first heap   total 327680K, used 259473K [0x00000000c0000000, 0x0000000100000000)
  region size 1024K, 123 young (125952K), 19 survivors (19456K)
 Metaspace       used 45854K, capacity 47331K, committed 47744K, reserved 1091584K
  class space    used 4558K, capacity 5128K, committed 5248K, reserved 1048576K
}
Event: 8.421 GC heap after
{Heap after GC invocations=21 (full 0):
 garbage-first heap   total 327680K, used 172181K [0x00000000c0000000, 0x0000000100000000)
  region size 1024K, 16 young (16384K), 16 survivors (16384K)
 Metaspace       used 45854K, capacity 47331K, committed 47744K, reserved 1091584K
  class space    used 4558K, capacity 5128K, committed 5248K, reserved 1048576K
}
Event: 8.648 GC heap before
{Heap before GC invocations=21 (full 0):
 garbage-first heap   total 327680K, used 257173K [0x00000000c0000000, 0x0000000100000000)
  region size 1024K, 99 young (101376K), 16 survivors (16384K)
 Metaspace       used 46020K, capacity 47474K, committed 47744K, reserved 1091584K
  class space    used 4558K, capacity 5128K, committed 5248K, reserved 1048576K
}
Event: 8.713 GC heap after
{Heap after GC invocations=22 (full 0):
 garbage-first heap   total 327680K, used 187392K [0x00000000c0000000, 0x0000000100000000)
  region size 1024K, 13 young (13312K), 13 survivors (13312K)
 Metaspace       used 46020K, capacity 47474K, committed 47744K, reserved 1091584K
  class space    used 4558K, capacity 5128K, committed 5248K, reserved 1048576K
}
Event: 8.852 GC heap before
{Heap before GC invocations=22 (full 0):
 garbage-first heap   total 327680K, used 228352K [0x00000000c0000000, 0x0000000100000000)
  region size 1024K, 86 young (88064K), 13 survivors (13312K)
 Metaspace       used 45931K, capacity 47215K, committed 47744K, reserved 1091584K
  class space    used 4532K, capacity 5059K, committed 5248K, reserved 1048576K
}
Event: 8.868 GC heap after
{Heap after GC invocations=23 (full 0):
 garbage-first heap   total 327680K, used 157696K [0x00000000c0000000, 0x0000000100000000)
  region size 1024K, 3 young (3072K), 3 survivors (3072K)
 Metaspace       used 45931K, capacity 47215K, committed 47744K, reserved 1091584K
  class space    used 4532K, capacity 5059K, committed 5248K, reserved 1048576K
}
Event: 8.990 GC heap before
{Heap before GC invocations=24 (full 0):
 garbage-first heap   total 327680K, used 256000K [0x00000000c0000000, 0x0000000100000000)
  region size 1024K, 94 young (96256K), 3 survivors (3072K)
 Metaspace       used 45940K, capacity 47284K, committed 47744K, reserved 1091584K
  class space    used 4532K, capacity 5059K, committed 5248K, reserved 1048576K
}
Event: 8.998 GC heap after
{Heap after GC invocations=25 (full 0):
 garbage-first heap   total 472064K, used 158276K [0x00000000c0000000, 0x0000000100000000)
  region size 1024K, 4 young (4096K), 4 survivors (4096K)
 Metaspace       used 45940K, capacity 47284K, committed 47744K, reserved 1091584K
  class space    used 4532K, capacity 5059K, committed 5248K, reserved 1048576K
}
Event: 9.034 GC heap before
{Heap before GC invocations=25 (full 0):
 garbage-first heap   total 472064K, used 177732K [0x00000000c0000000, 0x0000000100000000)
  region size 1024K, 23 young (23552K), 4 survivors (4096K)
 Metaspace       used 45940K, capacity 47284K, committed 47744K, reserved 1091584K
  class space    used 4532K, capacity 5059K, committed 5248K, reserved 1048576K
}
Event: 9.038 GC heap after
{Heap after GC invocations=26 (full 0):
 garbage-first heap   total 472064K, used 127043K [0x00000000c0000000, 0x0000000100000000)
  region size 1024K, 1 young (1024K), 1 survivors (1024K)
 Metaspace       used 45940K, capacity 47284K, committed 47744K, reserved 1091584K
  class space    used 4532K, capacity 5059K, committed 5248K, reserved 1048576K
}

