# JRE version: OpenJDK Runtime Environment Temurin-11.0.18+10 (11.0.18+10) (build 11.0.18+10)
# Java VM: OpenJDK 64-Bit Server VM Temurin-11.0.18+10 (11.0.18+10, mixed mode, tiered, compressed oops, g1 gc, linux-amd64)
Heap:
 garbage-first heap   total 262144K, used 152702K [0x00000000c0000000, 0x0000000100000000)
  region size 1024K, 92 young (94208K), 12 survivors (12288K)
 Metaspace       used 41180K, capacity 42257K, committed 42624K, reserved 1087488K
  class space    used 4227K, capacity 4632K, committed 4736K, reserved 1048576K
GC Heap History (17 events):
Event: 0.588 GC heap before
{Heap before GC invocations=0 (full 0):
 garbage-first heap   total 262144K, used 27648K [0x00000000c0000000, 0x0000000100000000)
  region size 1024K, 24 young (24576K), 0 survivors (0K)
 Metaspace       used 11305K, capacity 11551K, committed 11648K, reserved 1060864K
  class space    used 983K, capacity 1059K, committed 1152K, reserved 1048576K
}
Event: 0.593 GC heap after
{Heap after GC invocations=1 (full 0):
 garbage-first heap   total 262144K, used 11963K [0x00000000c0000000, 0x0000000100000000)
  region size 1024K, 3 young (3072K), 3 survivors (3072K)
 Metaspace       used 11305K, capacity 11551K, committed 11648K, reserved 1060864K
  class space    used 983K, capacity 1059K, committed 1152K, reserved 1048576K
}
Event: 0.860 GC heap before
{Heap before GC invocations=1 (full 0):
 garbage-first heap   total 262144K, used 29371K [0x00000000c0000000, 0x0000000100000000)
  region size 1024K, 20 young (20480K), 3 survivors (3072K)
 Metaspace       used 15898K, capacity 16118K, committed 16512K, reserved 1064960K
  class space    used 1471K, capacity 1537K, committed 1664K, reserved 1048576K
}
Event: 0.864 GC heap after
{Heap after GC invocations=2 (full 0):
 garbage-first heap   total 262144K, used 13566K [0x00000000c0000000, 0x0000000100000000)
  region size 1024K, 2 young (2048K), 2 survivors (2048K)
 Metaspace       used 15898K, capacity 16118K, committed 16512K, reserved 1064960K
  class space    used 1471K, capacity 1537K, committed 1664K, reserved 1048576K
}
Event: 1.301 GC heap before
{Heap before GC invocations=2 (full 0):
 garbage-first heap   total 262144K, used 49406K [0x00000000c0000000, 0x0000000100000000)
  region size 1024K, 38 young (38912K), 2 survivors (2048K)
 Metaspace       used 20739K, capacity 21087K, committed 21248K, reserved 1069056K
  class space    used 2049K, capacity 2215K, committed 2304K, reserved 1048576K
}
Event: 1.307 GC heap after
{Heap after GC invocations=3 (full 0):
 garbage-first heap   total 262144K, used 15606K [0x00000000c0000000, 0x0000000100000000)
  region size 1024K, 4 young (4096K), 4 survivors (4096K)
 Metaspace       used 20739K, capacity 21087K, committed 21248K, reserved 1069056K
  class space    used 2049K, capacity 2215K, committed 2304K, reserved 1048576K
}
Event: 1.814 GC heap before
{Heap before GC invocations=4 (full 0):
 garbage-first heap   total 262144K, used 70902K [0x00000000c0000000, 0x0000000100000000)
  region size 1024K, 59 young (60416K), 4 survivors (4096K)
 Metaspace       used 26833K, capacity 27377K, committed 27648K, reserved 1073152K
  class space    used 2774K, capacity 2990K, committed 3072K, reserved 1048576K
}
Event: 1.821 GC heap after
{Heap after GC invocations=5 (full 0):
 garbage-first heap   total 262144K, used 19238K [0x00000000c0000000, 0x0000000100000000)
  region size 1024K, 8 young (8192K), 8 survivors (8192K)
 Metaspace       used 26833K, capacity 27377K, committed 27648K, reserved 1073152K
  class space    used 2774K, capacity 2990K, committed 3072K, reserved 1048576K
}
Event: 2.521 GC heap before
{Heap before GC invocations=5 (full 0):
 garbage-first heap   total 262144K, used 107302K [0x00000000c0000000, 0x0000000100000000)
  region size 1024K, 95 young (97280K), 8 survivors (8192K)
 Metaspace       used 32686K, capacity 33375K, committed 33664K, reserved 1079296K
  class space    used 3375K, capacity 3661K, committed 3712K, reserved 1048576K
}
Event: 2.553 GC heap after
{Heap after GC invocations=6 (full 0):
 garbage-first heap   total 262144K, used 42842K [0x00000000c0000000, 0x0000000100000000)
  region size 1024K, 12 young (12288K), 12 survivors (12288K)
 Metaspace       used 32686K, capacity 33375K, committed 33664K, reserved 1079296K
  class space    used 3375K, capacity 3661K, committed 3712K, reserved 1048576K
}
Event: 2.750 GC heap before
{Heap before GC invocations=6 (full 0):
 garbage-first heap   total 262144K, used 70490K [0x00000000c0000000, 0x0000000100000000)
  region size 1024K, 39 young (39936K), 12 survivors (12288K)
 Metaspace       used 34148K, capacity 34841K, committed 35072K, reserved 1081344K
  class space    used 3446K, capacity 3742K, committed 3840K, reserved 1048576K
}
Event: 2.773 GC heap after
{Heap after GC invocations=7 (full 0):
 garbage-first heap   total 262144K, used 46036K [0x00000000c0000000, 0x0000000100000000)
  region size 1024K, 3 young (3072K), 3 survivors (3072K)
 Metaspace       used 34148K, capacity 34841K, committed 35072K, reserved 1081344K
  class space    used 3446K, capacity 3742K, committed 3840K, reserved 1048576K
}
Event: 2.901 GC heap before
{Heap before GC invocations=7 (full 0):
 garbage-first heap   total 262144K, used 64468K [0x00000000c0000000, 0x0000000100000000)
  region size 1024K, 22 young (22528K), 3 survivors (3072K)
 Metaspace       used 34870K, capacity 35645K, committed 35840K, reserved 1081344K
  class space    used 3528K, capacity 3840K, committed 3840K, reserved 1048576K
}
Event: 2.912 GC heap after
{Heap after GC invocations=8 (full 0):
 garbage-first heap   total 262144K, used 47007K [0x00000000c0000000, 0x0000000100000000)
  region size 1024K, 4 young (4096K), 4 survivors (4096K)
 Metaspace       used 34870K, capacity 35645K, committed 35840K, reserved 1081344K
  class space    used 3528K, capacity 3840K, committed 3840K, reserved 1048576K
}
Event: 3.322 GC heap before
{Heap before GC invocations=9 (full 0):
 garbage-first heap   total 262144K, used 131999K [0x00000000c0000000, 0x0000000100000000)
  region size 1024K, 88 young (90112K), 4 survivors (4096K)
 Metaspace       used 36687K, capacity 37651K, committed 37760K, reserved 1083392K
  class space    used 3794K, capacity 4208K, committed 4224K, reserved 1048576K
}
Event: 3.346 GC heap after
{Heap after GC invocations=10 (full 0):
 garbage-first heap   total 262144K, used 70782K [0x00000000c0000000, 0x0000000100000000)
  region size 1024K, 11 young (11264K), 11 survivors (11264K)
 Metaspace       used 36687K, capacity 37651K, committed 37760K, reserved 1083392K
  class space    used 3794K, capacity 4208K, committed 4224K, reserved 1048576K
}
Event: 3.765 GC heap before
{Heap before GC invocations=10 (full 0):
 garbage-first heap   total 262144K, used 152702K [0x00000000c0000000, 0x0000000100000000)
  region size 1024K, 91 young (93184K), 11 survivors (11264K)
 Metaspace       used 41180K, capacity 42257K, committed 42624K, reserved 1087488K
  class space    used 4227K, capacity 4632K, committed 4736K, reserved 1048576K
}

