# JRE version: OpenJDK Runtime Environment Temurin-11.0.18+10 (11.0.18+10) (build 11.0.18+10)
# Java VM: OpenJDK 64-Bit Server VM Temurin-11.0.18+10 (11.0.18+10, mixed mode, tiered, compressed oops, g1 gc, linux-amd64)
Heap:
 garbage-first heap   total 324608K, used 219136K [0x00000000c0000000, 0x0000000100000000)
  region size 1024K, 94 young (96256K), 12 survivors (12288K)
 Metaspace       used 45604K, capacity 47012K, committed 47360K, reserved 1091584K
  class space    used 4476K, capacity 5014K, committed 5120K, reserved 1048576K
GC Heap History (20 events):
Event: 6.746 GC heap after
{Heap after GC invocations=17 (full 0):
 garbage-first heap   total 293888K, used 124556K [0x00000000c0000000, 0x0000000100000000)
  region size 1024K, 1 young (1024K), 1 survivors (1024K)
 Metaspace       used 44480K, capacity 45821K, committed 45952K, reserved 1089536K
  class space    used 4458K, capacity 4981K, committed 4992K, reserved 1048576K
}
Event: 6.852 GC heap before
{Heap before GC invocations=17 (full 0):
 garbage-first heap   total 293888K, used 219788K [0x00000000c0000000, 0x0000000100000000)
  region size 1024K, 94 young (96256K), 1 survivors (1024K)
 Metaspace       used 44480K, capacity 45821K, committed 45952K, reserved 1089536K
  class space    used 4458K, capacity 4981K, committed 4992K, reserved 1048576K
}
Event: 6.852 GC heap after
{Heap after GC invocations=18 (full 0):
 garbage-first heap   total 293888K, used 124071K [0x00000000c0000000, 0x0000000100000000)
  region size 1024K, 1 young (1024K), 1 survivors (1024K)
 Metaspace       used 44480K, capacity 45821K, committed 45952K, reserved 1089536K
  class space    used 4458K, capacity 4981K, committed 4992K, reserved 1048576K
}
Event: 6.963 GC heap before
{Heap before GC invocations=18 (full 0):
 garbage-first heap   total 293888K, used 224423K [0x00000000c0000000, 0x0000000100000000)
  region size 1024K, 99 young (101376K), 1 survivors (1024K)
 Metaspace       used 44480K, capacity 45821K, committed 45952K, reserved 1089536K
  class space    used 4458K, capacity 4981K, committed 4992K, reserved 1048576K
}
Event: 6.964 GC heap after
{Heap after GC invocations=19 (full 0):
 garbage-first heap   total 293888K, used 123949K [0x00000000c0000000, 0x0000000100000000)
  region size 1024K, 1 young (1024K), 1 survivors (1024K)
 Metaspace       used 44480K, capacity 45821K, committed 45952K, reserved 1089536K
  class space    used 4458K, capacity 4981K, committed 4992K, reserved 1048576K
}
Event: 7.080 GC heap before
{Heap before GC invocations=19 (full 0):
 garbage-first heap   total 293888K, used 235565K [0x00000000c0000000, 0x0000000100000000)
  region size 1024K, 110 young (112640K), 1 survivors (1024K)
 Metaspace       used 44486K, capacity 45822K, committed 45952K, reserved 1089536K
  class space    used 4458K, capacity 4981K, committed 4992K, reserved 1048576K
}
Event: 7.081 GC heap after
{Heap after GC invocations=20 (full 0):
 garbage-first heap   total 293888K, used 123995K [0x00000000c0000000, 0x0000000100000000)
  region size 1024K, 1 young (1024K), 1 survivors (1024K)
 Metaspace       used 44486K, capacity 45822K, committed 45952K, reserved 1089536K
  class space    used 4458K, capacity 4981K, committed 4992K, reserved 1048576K
}
Event: 7.173 GC heap before
{Heap before GC invocations=20 (full 0):
 garbage-first heap   total 293888K, used 241755K [0x00000000c0000000, 0x0000000100000000)
  region size 1024K, 116 young (118784K), 1 survivors (1024K)
 Metaspace       used 44486K, capacity 45822K, committed 45952K, reserved 1089536K
  class space    used 4458K, capacity 4981K, committed 4992K, reserved 1048576K
}
Event: 7.174 GC heap after
{Heap after GC invocations=21 (full 0):
 garbage-first heap   total 293888K, used 123994K [0x00000000c0000000, 0x0000000100000000)
  region size 1024K, 1 young (1024K), 1 survivors (1024K)
 Metaspace       used 44486K, capacity 45822K, committed 45952K, reserved 1089536K
  class space    used 4458K, capacity 4981K, committed 4992K, reserved 1048576K
}
Event: 7.298 GC heap before
{Heap before GC invocations=21 (full 0):
 garbage-first heap   total 293888K, used 244826K [0x00000000c0000000, 0x0000000100000000)
  region size 1024K, 119 young (121856K), 1 survivors (1024K)
 Metaspace       used 44486K, capacity 45822K, committed 45952K, reserved 1089536K
  class space    used 4458K, capacity 4981K, committed 4992K, reserved 1048576K
}
Event: 7.299 GC heap after
{Heap after GC invocations=22 (full 0):
 garbage-first heap   total 293888K, used 123993K [0x00000000c0000000, 0x0000000100000000)
  region size 1024K, 1 young (1024K), 1 survivors (1024K)
 Metaspace       used 44486K, capacity 45822K, committed 45952K, reserved 1089536K
  class space    used 4458K, capacity 4981K, committed 4992K, reserved 1048576K
}
Event: 7.525 GC heap before
{Heap before GC invocations=22 (full 0):
 garbage-first heap   total 293888K, used 247897K [0x00000000c0000000, 0x0000000100000000)
  region size 1024K, 122 young (124928K), 1 survivors (1024K)
 Metaspace       used 44622K, capacity 45934K, committed 46336K, reserved 1091584K
  class space    used 4466K, capacity 4995K, committed 5120K, reserved 1048576K
}
Event: 7.537 GC heap after
{Heap after GC invocations=23 (full 0):
 garbage-first heap   total 293888K, used 125472K [0x00000000c0000000, 0x0000000100000000)
  region size 1024K, 2 young (2048K), 2 survivors (2048K)
 Metaspace       used 44622K, capacity 45934K, committed 46336K, reserved 1091584K
  class space    used 4466K, capacity 4995K, committed 5120K, reserved 1048576K
}
Event: 8.056 GC heap before
{Heap before GC invocations=23 (full 0):
 garbage-first heap   total 293888K, used 250400K [0x00000000c0000000, 0x0000000100000000)
  region size 1024K, 124 young (126976K), 2 survivors (2048K)
 Metaspace       used 45233K, capacity 46646K, committed 46848K, reserved 1091584K
  class space    used 4494K, capacity 5048K, committed 5120K, reserved 1048576K
}
Event: 8.067 GC heap after
{Heap after GC invocations=24 (full 0):
 garbage-first heap   total 293888K, used 133235K [0x00000000c0000000, 0x0000000100000000)
  region size 1024K, 10 young (10240K), 10 survivors (10240K)
 Metaspace       used 45233K, capacity 46646K, committed 46848K, reserved 1091584K
  class space    used 4494K, capacity 5048K, committed 5120K, reserved 1048576K
}
Event: 8.394 GC heap before
{Heap before GC invocations=24 (full 0):
 garbage-first heap   total 293888K, used 246899K [0x00000000c0000000, 0x0000000100000000)
  region size 1024K, 122 young (124928K), 10 survivors (10240K)
 Metaspace       used 45434K, capacity 46851K, committed 47104K, reserved 1091584K
  class space    used 4496K, capacity 5049K, committed 5120K, reserved 1048576K
}
Event: 8.419 GC heap after
{Heap after GC invocations=25 (full 0):
 garbage-first heap   total 293888K, used 156360K [0x00000000c0000000, 0x0000000100000000)
  region size 1024K, 16 young (16384K), 16 survivors (16384K)
 Metaspace       used 45434K, capacity 46851K, committed 47104K, reserved 1091584K
  class space    used 4496K, capacity 5049K, committed 5120K, reserved 1048576K
}
Event: 8.599 GC heap before
{Heap before GC invocations=25 (full 0):
 garbage-first heap   total 293888K, used 235208K [0x00000000c0000000, 0x0000000100000000)
  region size 1024K, 93 young (95232K), 16 survivors (16384K)
 Metaspace       used 45514K, capacity 46917K, committed 47104K, reserved 1091584K
  class space    used 4496K, capacity 5049K, committed 5120K, reserved 1048576K
}
Event: 8.626 GC heap after
{Heap after GC invocations=26 (full 0):
 garbage-first heap   total 324608K, used 167936K [0x00000000c0000000, 0x0000000100000000)
  region size 1024K, 12 young (12288K), 12 survivors (12288K)
 Metaspace       used 45514K, capacity 46917K, committed 47104K, reserved 1091584K
  class space    used 4496K, capacity 5049K, committed 5120K, reserved 1048576K
}
Event: 8.927 GC heap before
{Heap before GC invocations=27 (full 0):
 garbage-first heap   total 324608K, used 219136K [0x00000000c0000000, 0x0000000100000000)
  region size 1024K, 94 young (96256K), 12 survivors (12288K)
 Metaspace       used 45604K, capacity 47012K, committed 47360K, reserved 1091584K
  class space    used 4476K, capacity 5014K, committed 5120K, reserved 1048576K
}

