# JRE version: OpenJDK Runtime Environment Temurin-11.0.18+10 (11.0.18+10) (build 11.0.18+10)
# Java VM: OpenJDK 64-Bit Server VM Temurin-11.0.18+10 (11.0.18+10, mixed mode, tiered, compressed oops, g1 gc, linux-amd64)
Heap:
 garbage-first heap   total 262144K, used 112673K [0x00000000c0000000, 0x0000000100000000)
  region size 1024K, 105 young (107520K), 13 survivors (13312K)
 Metaspace       used 32786K, capacity 33494K, committed 33920K, reserved 1079296K
  class space    used 3405K, capacity 3702K, committed 3712K, reserved 1048576K
GC Heap History (9 events):
Event: 1.053 GC heap before
{Heap before GC invocations=0 (full 0):
 garbage-first heap   total 262144K, used 27648K [0x00000000c0000000, 0x0000000100000000)
  region size 1024K, 24 young (24576K), 0 survivors (0K)
 Metaspace       used 11885K, capacity 12072K, committed 12160K, reserved 1060864K
  class space    used 1050K, capacity 1107K, committed 1152K, reserved 1048576K
}
Event: 1.062 GC heap after
{Heap after GC invocations=1 (full 0):
 garbage-first heap   total 262144K, used 12186K [0x00000000c0000000, 0x0000000100000000)
  region size 1024K, 3 young (3072K), 3 survivors (3072K)
 Metaspace       used 11885K, capacity 12072K, committed 12160K, reserved 1060864K
  class space    used 1050K, capacity 1107K, committed 1152K, reserved 1048576K
}
Event: 1.568 GC heap before
{Heap before GC invocations=1 (full 0):
 garbage-first heap   total 262144K, used 33690K [0x00000000c0000000, 0x0000000100000000)
  region size 1024K, 24 young (24576K), 3 survivors (3072K)
 Metaspace       used 16506K, capacity 16742K, committed 17024K, reserved 1064960K
  class space    used 1548K, capacity 1638K, committed 1664K, reserved 1048576K
}
Event: 1.581 GC heap after
{Heap after GC invocations=2 (full 0):
 garbage-first heap   total 262144K, used 13766K [0x00000000c0000000, 0x0000000100000000)
  region size 1024K, 2 young (2048K), 2 survivors (2048K)
 Metaspace       used 16506K, capacity 16742K, committed 17024K, reserved 1064960K
  class space    used 1548K, capacity 1638K, committed 1664K, reserved 1048576K
}
Event: 2.227 GC heap before
{Heap before GC invocations=2 (full 0):
 garbage-first heap   total 262144K, used 43462K [0x00000000c0000000, 0x0000000100000000)
  region size 1024K, 33 young (33792K), 2 survivors (2048K)
 Metaspace       used 20644K, capacity 20989K, committed 21248K, reserved 1069056K
  class space    used 2037K, capacity 2183K, committed 2304K, reserved 1048576K
}
Event: 2.237 GC heap after
{Heap after GC invocations=3 (full 0):
 garbage-first heap   total 262144K, used 15716K [0x00000000c0000000, 0x0000000100000000)
  region size 1024K, 4 young (4096K), 4 survivors (4096K)
 Metaspace       used 20644K, capacity 20989K, committed 21248K, reserved 1069056K
  class space    used 2037K, capacity 2183K, committed 2304K, reserved 1048576K
}
Event: 2.968 GC heap before
{Heap before GC invocations=4 (full 0):
 garbage-first heap   total 262144K, used 68964K [0x00000000c0000000, 0x0000000100000000)
  region size 1024K, 57 young (58368K), 4 survivors (4096K)
 Metaspace       used 26789K, capacity 27317K, committed 27648K, reserved 1073152K
  class space    used 2773K, capacity 2992K, committed 3072K, reserved 1048576K
}
Event: 2.975 GC heap after
{Heap after GC invocations=5 (full 0):
 garbage-first heap   total 262144K, used 18465K [0x00000000c0000000, 0x0000000100000000)
  region size 1024K, 7 young (7168K), 7 survivors (7168K)
 Metaspace       used 26789K, capacity 27317K, committed 27648K, reserved 1073152K
  class space    used 2773K, capacity 2992K, committed 3072K, reserved 1048576K
}
Event: 3.625 GC heap before
{Heap before GC invocations=5 (full 0):
 garbage-first heap   total 262144K, used 112673K [0x00000000c0000000, 0x0000000100000000)
  region size 1024K, 99 young (101376K), 7 survivors (7168K)
 Metaspace       used 32786K, capacity 33494K, committed 33920K, reserved 1079296K
  class space    used 3405K, capacity 3702K, committed 3712K, reserved 1048576K
}

